DEPRECATION: Python 2.7 reached the end of its life on January 1st, 2020. Please upgrade your Python as Python 2.7 is no longer maintained. pip 21.0 will drop support for Python 2.7 in January 2021. More details about Python 2 support in pip can be found at https://pip.pypa.io/en/latest/development/release-process/#python-2-support pip 21.0 will remove support for this functionality.
Collecting billiard~=3.6.2
  Downloading billiard-3.6.3.0.tar.gz (155 kB)
Building wheels for collected packages: billiard
  Building wheel for billiard (setup.py): started
  Building wheel for billiard (setup.py): finished with status 'done'
  Created wheel for billiard: filename=billiard-3.6.3.0-cp27-cp27m-macosx_10_15_x86_64.whl size=95904 sha256=062b8c8fd722863c5764d536324d9f6dbb02b29c149bab5d0ee04feb5c22b671
  Stored in directory: /Users/shrush/Library/Caches/pip/wheels/88/11/53/9af62f156761361089955e143a92658fdd8947d24389b0f15b
Successfully built billiard
Installing collected packages: billiard
Successfully installed billiard-3.6.3.0
DEPRECATION: Python 2.7 reached the end of its life on January 1st, 2020. Please upgrade your Python as Python 2.7 is no longer maintained. pip 21.0 will drop support for Python 2.7 in January 2021. More details about Python 2 support in pip can be found at https://pip.pypa.io/en/latest/development/release-process/#python-2-support pip 21.0 will remove support for this functionality.
Collecting coverage~=5.2
  Downloading coverage-5.3-cp27-cp27m-macosx_10_13_intel.whl (210 kB)
Collecting flake8~=3.7
  Downloading flake8-3.8.4-py2.py3-none-any.whl (72 kB)
Collecting pypandoc~=1.4
  Downloading pypandoc-1.5.tar.gz (26 kB)
Requirement already up-to-date: setuptools>=38.6.0 in ./.pybuilder/plugins/cpython-2.7.16.final.0/lib/python2.7/site-packages (44.1.1)
Collecting twine>=1.15.0
  Downloading twine-1.15.0-py2.py3-none-any.whl (35 kB)
Collecting unittest-xml-reporting~=2.5.2
  Downloading unittest_xml_reporting-2.5.2-py2.py3-none-any.whl (19 kB)
Requirement already up-to-date: wheel>=0.34.0 in ./.pybuilder/plugins/cpython-2.7.16.final.0/lib/python2.7/site-packages (0.36.1)
Collecting pyflakes<2.3.0,>=2.2.0
  Downloading pyflakes-2.2.0-py2.py3-none-any.whl (66 kB)
Collecting configparser; python_version < "3.2"
  Downloading configparser-4.0.2-py2.py3-none-any.whl (22 kB)
Collecting functools32; python_version < "3.2"
  Downloading functools32-3.2.3-2.tar.gz (31 kB)
Collecting mccabe<0.7.0,>=0.6.0
  Downloading mccabe-0.6.1-py2.py3-none-any.whl (8.6 kB)
Collecting typing; python_version < "3.5"
  Downloading typing-3.7.4.3-py2-none-any.whl (26 kB)
Collecting pycodestyle<2.7.0,>=2.6.0a1
  Downloading pycodestyle-2.6.0-py2.py3-none-any.whl (41 kB)
Collecting enum34; python_version < "3.4"
  Downloading enum34-1.1.10-py2-none-any.whl (11 kB)
Collecting importlib-metadata; python_version < "3.8"
  Downloading importlib_metadata-2.1.1-py2.py3-none-any.whl (10 kB)
Requirement already satisfied, skipping upgrade: pip>=8.1.0 in ./.pybuilder/plugins/cpython-2.7.16.final.0/lib/python2.7/site-packages (from pypandoc~=1.4) (20.3.1)
Collecting requests-toolbelt!=0.9.0,>=0.8.0
  Downloading requests_toolbelt-0.9.1-py2.py3-none-any.whl (54 kB)
Collecting requests!=2.15,!=2.16,>=2.5.0
  Using cached requests-2.25.0-py2.py3-none-any.whl (61 kB)
Collecting pkginfo>=1.4.2
  Downloading pkginfo-1.6.1-py2.py3-none-any.whl (25 kB)
Collecting tqdm>=4.14
  Using cached tqdm-4.54.1-py2.py3-none-any.whl (69 kB)
Collecting readme-renderer>=21.0
  Downloading readme_renderer-28.0-py2.py3-none-any.whl (15 kB)
Collecting six>=1.4.0
  Using cached six-1.15.0-py2.py3-none-any.whl (10 kB)
Collecting zipp>=0.5
  Downloading zipp-1.2.0-py2.py3-none-any.whl (4.8 kB)
Collecting pathlib2; python_version < "3"
  Downloading pathlib2-2.3.5-py2.py3-none-any.whl (18 kB)
Collecting contextlib2; python_version < "3"
  Downloading contextlib2-0.6.0.post1-py2.py3-none-any.whl (9.8 kB)
Collecting urllib3<1.27,>=1.21.1
  Using cached urllib3-1.26.2-py2.py3-none-any.whl (136 kB)
Collecting idna<3,>=2.5
  Using cached idna-2.10-py2.py3-none-any.whl (58 kB)
Collecting chardet<4,>=3.0.2
  Using cached chardet-3.0.4-py2.py3-none-any.whl (133 kB)
Collecting certifi>=2017.4.17
  Using cached certifi-2020.12.5-py2.py3-none-any.whl (147 kB)
Collecting Pygments>=2.5.1
  Downloading Pygments-2.5.2-py2.py3-none-any.whl (896 kB)
Collecting docutils>=0.13.1
  Downloading docutils-0.16-py2.py3-none-any.whl (548 kB)
Collecting bleach>=2.1.0
  Downloading bleach-3.2.1-py2.py3-none-any.whl (145 kB)
Collecting scandir; python_version < "3.5"
  Downloading scandir-1.10.0.tar.gz (33 kB)
Collecting packaging
  Downloading packaging-20.8-py2.py3-none-any.whl (39 kB)
Collecting webencodings
  Downloading webencodings-0.5.1-py2.py3-none-any.whl (11 kB)
Collecting pyparsing>=2.0.2
  Using cached pyparsing-2.4.7-py2.py3-none-any.whl (67 kB)
Building wheels for collected packages: pypandoc, functools32, scandir
  Building wheel for pypandoc (setup.py): started
  Building wheel for pypandoc (setup.py): finished with status 'done'
  Created wheel for pypandoc: filename=pypandoc-1.5-py2-none-any.whl size=17033 sha256=6b991ea931775ac2f7ec5ee9a1d9f4c1d460527b0f4ce237e1a9e87fba5ae901
  Stored in directory: /Users/shrush/Library/Caches/pip/wheels/a6/31/f9/1b11accc7f34d68671347e69d0031b040789debba014e44dc8
  Building wheel for functools32 (setup.py): started
  Building wheel for functools32 (setup.py): finished with status 'done'
  Created wheel for functools32: filename=functools32-3.2.3.post2-py2-none-any.whl size=14556 sha256=e9bb41455ba13c9f4b1fc0e69076171a36589bbc1f1a0f6b815955e8416d8ea2
  Stored in directory: /Users/shrush/Library/Caches/pip/wheels/c2/ea/a3/25af52265fad6418a74df0b8d9ca8b89e0b3735dbd4d0d3794
  Building wheel for scandir (setup.py): started
  Building wheel for scandir (setup.py): finished with status 'done'
  Created wheel for scandir: filename=scandir-1.10.0-cp27-cp27m-macosx_10_15_x86_64.whl size=18244 sha256=793e067ea94af0aef367537bc498e5158b4b8feb1eabe749238d886dd67dec0c
  Stored in directory: /Users/shrush/Library/Caches/pip/wheels/58/2c/26/52406f7d1f19bcc47a6fbd1037a5f293492f5cf1d58c539edb
Successfully built pypandoc functools32 scandir
Installing collected packages: coverage, pyflakes, configparser, functools32, mccabe, typing, pycodestyle, enum34, contextlib2, zipp, six, scandir, pathlib2, importlib-metadata, flake8, pypandoc, urllib3, idna, chardet, certifi, requests, requests-toolbelt, pkginfo, tqdm, Pygments, docutils, pyparsing, packaging, webencodings, bleach, readme-renderer, twine, unittest-xml-reporting
Successfully installed Pygments-2.5.2 bleach-3.2.1 certifi-2020.12.5 chardet-3.0.4 configparser-4.0.2 contextlib2-0.6.0.post1 coverage-5.3 docutils-0.16 enum34-1.1.10 flake8-3.8.4 functools32-3.2.3.post2 idna-2.10 importlib-metadata-2.1.1 mccabe-0.6.1 packaging-20.8 pathlib2-2.3.5 pkginfo-1.6.1 pycodestyle-2.6.0 pyflakes-2.2.0 pypandoc-1.5 pyparsing-2.4.7 readme-renderer-28.0 requests-2.25.0 requests-toolbelt-0.9.1 scandir-1.10.0 six-1.15.0 tqdm-4.54.1 twine-1.15.0 typing-3.7.4.3 unittest-xml-reporting-2.5.2 urllib3-1.26.2 webencodings-0.5.1 zipp-1.2.0
DEPRECATION: Python 2.7 reached the end of its life on January 1st, 2020. Please upgrade your Python as Python 2.7 is no longer maintained. pip 21.0 will drop support for Python 2.7 in January 2021. More details about Python 2 support in pip can be found at https://pip.pypa.io/en/latest/development/release-process/#python-2-support pip 21.0 will remove support for this functionality.
Collecting mock
  Downloading mock-3.0.5-py2.py3-none-any.whl (25 kB)
Collecting funcsigs>=1; python_version < "3.3"
  Using cached funcsigs-1.0.2-py2.py3-none-any.whl (17 kB)
Requirement already satisfied: six in ./.pybuilder/plugins/cpython-2.7.16.final.0/lib/python2.7/site-packages (from mock) (1.15.0)
Installing collected packages: funcsigs, mock
Successfully installed funcsigs-1.0.2 mock-3.0.5
DEPRECATION: Python 2.7 reached the end of its life on January 1st, 2020. Please upgrade your Python as Python 2.7 is no longer maintained. pip 21.0 will drop support for Python 2.7 in January 2021. More details about Python 2 support in pip can be found at https://pip.pypa.io/en/latest/development/release-process/#python-2-support pip 21.0 will remove support for this functionality.
Requirement already up-to-date: billiard~=3.6.2 in ./.pybuilder/plugins/cpython-2.7.16.final.0/lib/python2.7/site-packages (3.6.3.0)
DEPRECATION: Python 2.7 reached the end of its life on January 1st, 2020. Please upgrade your Python as Python 2.7 is no longer maintained. pip 21.0 will drop support for Python 2.7 in January 2021. More details about Python 2 support in pip can be found at https://pip.pypa.io/en/latest/development/release-process/#python-2-support pip 21.0 will remove support for this functionality.
Requirement already up-to-date: coverage~=5.2 in ./.pybuilder/plugins/cpython-2.7.16.final.0/lib/python2.7/site-packages (5.3)
Requirement already up-to-date: flake8~=3.7 in ./.pybuilder/plugins/cpython-2.7.16.final.0/lib/python2.7/site-packages (3.8.4)
Requirement already up-to-date: pypandoc~=1.4 in ./.pybuilder/plugins/cpython-2.7.16.final.0/lib/python2.7/site-packages (1.5)
Requirement already up-to-date: setuptools>=38.6.0 in ./.pybuilder/plugins/cpython-2.7.16.final.0/lib/python2.7/site-packages (44.1.1)
Requirement already up-to-date: twine>=1.15.0 in ./.pybuilder/plugins/cpython-2.7.16.final.0/lib/python2.7/site-packages (1.15.0)
Requirement already up-to-date: unittest-xml-reporting~=2.5.2 in ./.pybuilder/plugins/cpython-2.7.16.final.0/lib/python2.7/site-packages (2.5.2)
Requirement already up-to-date: wheel>=0.34.0 in ./.pybuilder/plugins/cpython-2.7.16.final.0/lib/python2.7/site-packages (0.36.1)
Requirement already satisfied, skipping upgrade: pyflakes<2.3.0,>=2.2.0 in ./.pybuilder/plugins/cpython-2.7.16.final.0/lib/python2.7/site-packages (from flake8~=3.7) (2.2.0)
Requirement already satisfied, skipping upgrade: configparser; python_version < "3.2" in ./.pybuilder/plugins/cpython-2.7.16.final.0/lib/python2.7/site-packages (from flake8~=3.7) (4.0.2)
Requirement already satisfied, skipping upgrade: functools32; python_version < "3.2" in ./.pybuilder/plugins/cpython-2.7.16.final.0/lib/python2.7/site-packages (from flake8~=3.7) (3.2.3.post2)
Requirement already satisfied, skipping upgrade: mccabe<0.7.0,>=0.6.0 in ./.pybuilder/plugins/cpython-2.7.16.final.0/lib/python2.7/site-packages (from flake8~=3.7) (0.6.1)
Requirement already satisfied, skipping upgrade: typing; python_version < "3.5" in ./.pybuilder/plugins/cpython-2.7.16.final.0/lib/python2.7/site-packages (from flake8~=3.7) (3.7.4.3)
Requirement already satisfied, skipping upgrade: pycodestyle<2.7.0,>=2.6.0a1 in ./.pybuilder/plugins/cpython-2.7.16.final.0/lib/python2.7/site-packages (from flake8~=3.7) (2.6.0)
Requirement already satisfied, skipping upgrade: enum34; python_version < "3.4" in ./.pybuilder/plugins/cpython-2.7.16.final.0/lib/python2.7/site-packages (from flake8~=3.7) (1.1.10)
Requirement already satisfied, skipping upgrade: importlib-metadata; python_version < "3.8" in ./.pybuilder/plugins/cpython-2.7.16.final.0/lib/python2.7/site-packages (from flake8~=3.7) (2.1.1)
Requirement already satisfied, skipping upgrade: pip>=8.1.0 in ./.pybuilder/plugins/cpython-2.7.16.final.0/lib/python2.7/site-packages (from pypandoc~=1.4) (20.3.1)
Requirement already satisfied, skipping upgrade: requests-toolbelt!=0.9.0,>=0.8.0 in ./.pybuilder/plugins/cpython-2.7.16.final.0/lib/python2.7/site-packages (from twine>=1.15.0) (0.9.1)
Requirement already satisfied, skipping upgrade: requests!=2.15,!=2.16,>=2.5.0 in ./.pybuilder/plugins/cpython-2.7.16.final.0/lib/python2.7/site-packages (from twine>=1.15.0) (2.25.0)
Requirement already satisfied, skipping upgrade: pkginfo>=1.4.2 in ./.pybuilder/plugins/cpython-2.7.16.final.0/lib/python2.7/site-packages (from twine>=1.15.0) (1.6.1)
Requirement already satisfied, skipping upgrade: tqdm>=4.14 in ./.pybuilder/plugins/cpython-2.7.16.final.0/lib/python2.7/site-packages (from twine>=1.15.0) (4.54.1)
Requirement already satisfied, skipping upgrade: readme-renderer>=21.0 in ./.pybuilder/plugins/cpython-2.7.16.final.0/lib/python2.7/site-packages (from twine>=1.15.0) (28.0)
Requirement already satisfied, skipping upgrade: six>=1.4.0 in ./.pybuilder/plugins/cpython-2.7.16.final.0/lib/python2.7/site-packages (from unittest-xml-reporting~=2.5.2) (1.15.0)
Requirement already satisfied, skipping upgrade: zipp>=0.5 in ./.pybuilder/plugins/cpython-2.7.16.final.0/lib/python2.7/site-packages (from importlib-metadata; python_version < "3.8"->flake8~=3.7) (1.2.0)
Requirement already satisfied, skipping upgrade: pathlib2; python_version < "3" in ./.pybuilder/plugins/cpython-2.7.16.final.0/lib/python2.7/site-packages (from importlib-metadata; python_version < "3.8"->flake8~=3.7) (2.3.5)
Requirement already satisfied, skipping upgrade: contextlib2; python_version < "3" in ./.pybuilder/plugins/cpython-2.7.16.final.0/lib/python2.7/site-packages (from importlib-metadata; python_version < "3.8"->flake8~=3.7) (0.6.0.post1)
Requirement already satisfied, skipping upgrade: urllib3<1.27,>=1.21.1 in ./.pybuilder/plugins/cpython-2.7.16.final.0/lib/python2.7/site-packages (from requests!=2.15,!=2.16,>=2.5.0->twine>=1.15.0) (1.26.2)
Requirement already satisfied, skipping upgrade: idna<3,>=2.5 in ./.pybuilder/plugins/cpython-2.7.16.final.0/lib/python2.7/site-packages (from requests!=2.15,!=2.16,>=2.5.0->twine>=1.15.0) (2.10)
Requirement already satisfied, skipping upgrade: chardet<4,>=3.0.2 in ./.pybuilder/plugins/cpython-2.7.16.final.0/lib/python2.7/site-packages (from requests!=2.15,!=2.16,>=2.5.0->twine>=1.15.0) (3.0.4)
Requirement already satisfied, skipping upgrade: certifi>=2017.4.17 in ./.pybuilder/plugins/cpython-2.7.16.final.0/lib/python2.7/site-packages (from requests!=2.15,!=2.16,>=2.5.0->twine>=1.15.0) (2020.12.5)
Requirement already satisfied, skipping upgrade: Pygments>=2.5.1 in ./.pybuilder/plugins/cpython-2.7.16.final.0/lib/python2.7/site-packages (from readme-renderer>=21.0->twine>=1.15.0) (2.5.2)
Requirement already satisfied, skipping upgrade: docutils>=0.13.1 in ./.pybuilder/plugins/cpython-2.7.16.final.0/lib/python2.7/site-packages (from readme-renderer>=21.0->twine>=1.15.0) (0.16)
Requirement already satisfied, skipping upgrade: bleach>=2.1.0 in ./.pybuilder/plugins/cpython-2.7.16.final.0/lib/python2.7/site-packages (from readme-renderer>=21.0->twine>=1.15.0) (3.2.1)
Requirement already satisfied, skipping upgrade: scandir; python_version < "3.5" in ./.pybuilder/plugins/cpython-2.7.16.final.0/lib/python2.7/site-packages (from pathlib2; python_version < "3"->importlib-metadata; python_version < "3.8"->flake8~=3.7) (1.10.0)
Requirement already satisfied, skipping upgrade: packaging in ./.pybuilder/plugins/cpython-2.7.16.final.0/lib/python2.7/site-packages (from bleach>=2.1.0->readme-renderer>=21.0->twine>=1.15.0) (20.8)
Requirement already satisfied, skipping upgrade: webencodings in ./.pybuilder/plugins/cpython-2.7.16.final.0/lib/python2.7/site-packages (from bleach>=2.1.0->readme-renderer>=21.0->twine>=1.15.0) (0.5.1)
Requirement already satisfied, skipping upgrade: pyparsing>=2.0.2 in ./.pybuilder/plugins/cpython-2.7.16.final.0/lib/python2.7/site-packages (from packaging->bleach>=2.1.0->readme-renderer>=21.0->twine>=1.15.0) (2.4.7)
DEPRECATION: Python 2.7 reached the end of its life on January 1st, 2020. Please upgrade your Python as Python 2.7 is no longer maintained. pip 21.0 will drop support for Python 2.7 in January 2021. More details about Python 2 support in pip can be found at https://pip.pypa.io/en/latest/development/release-process/#python-2-support pip 21.0 will remove support for this functionality.
Requirement already up-to-date: billiard~=3.6.2 in ./.pybuilder/plugins/cpython-2.7.16.final.0/lib/python2.7/site-packages (3.6.3.0)
DEPRECATION: Python 2.7 reached the end of its life on January 1st, 2020. Please upgrade your Python as Python 2.7 is no longer maintained. pip 21.0 will drop support for Python 2.7 in January 2021. More details about Python 2 support in pip can be found at https://pip.pypa.io/en/latest/development/release-process/#python-2-support pip 21.0 will remove support for this functionality.
Requirement already up-to-date: coverage~=5.2 in ./.pybuilder/plugins/cpython-2.7.16.final.0/lib/python2.7/site-packages (5.3)
Requirement already up-to-date: flake8~=3.7 in ./.pybuilder/plugins/cpython-2.7.16.final.0/lib/python2.7/site-packages (3.8.4)
Requirement already up-to-date: pypandoc~=1.4 in ./.pybuilder/plugins/cpython-2.7.16.final.0/lib/python2.7/site-packages (1.5)
Requirement already up-to-date: setuptools>=38.6.0 in ./.pybuilder/plugins/cpython-2.7.16.final.0/lib/python2.7/site-packages (44.1.1)
Requirement already up-to-date: twine>=1.15.0 in ./.pybuilder/plugins/cpython-2.7.16.final.0/lib/python2.7/site-packages (1.15.0)
Requirement already up-to-date: unittest-xml-reporting~=2.5.2 in ./.pybuilder/plugins/cpython-2.7.16.final.0/lib/python2.7/site-packages (2.5.2)
Requirement already up-to-date: wheel>=0.34.0 in ./.pybuilder/plugins/cpython-2.7.16.final.0/lib/python2.7/site-packages (0.36.1)
Requirement already satisfied, skipping upgrade: pyflakes<2.3.0,>=2.2.0 in ./.pybuilder/plugins/cpython-2.7.16.final.0/lib/python2.7/site-packages (from flake8~=3.7) (2.2.0)
Requirement already satisfied, skipping upgrade: configparser; python_version < "3.2" in ./.pybuilder/plugins/cpython-2.7.16.final.0/lib/python2.7/site-packages (from flake8~=3.7) (4.0.2)
Requirement already satisfied, skipping upgrade: functools32; python_version < "3.2" in ./.pybuilder/plugins/cpython-2.7.16.final.0/lib/python2.7/site-packages (from flake8~=3.7) (3.2.3.post2)
Requirement already satisfied, skipping upgrade: mccabe<0.7.0,>=0.6.0 in ./.pybuilder/plugins/cpython-2.7.16.final.0/lib/python2.7/site-packages (from flake8~=3.7) (0.6.1)
Requirement already satisfied, skipping upgrade: typing; python_version < "3.5" in ./.pybuilder/plugins/cpython-2.7.16.final.0/lib/python2.7/site-packages (from flake8~=3.7) (3.7.4.3)
Requirement already satisfied, skipping upgrade: pycodestyle<2.7.0,>=2.6.0a1 in ./.pybuilder/plugins/cpython-2.7.16.final.0/lib/python2.7/site-packages (from flake8~=3.7) (2.6.0)
Requirement already satisfied, skipping upgrade: enum34; python_version < "3.4" in ./.pybuilder/plugins/cpython-2.7.16.final.0/lib/python2.7/site-packages (from flake8~=3.7) (1.1.10)
Requirement already satisfied, skipping upgrade: importlib-metadata; python_version < "3.8" in ./.pybuilder/plugins/cpython-2.7.16.final.0/lib/python2.7/site-packages (from flake8~=3.7) (2.1.1)
Requirement already satisfied, skipping upgrade: pip>=8.1.0 in ./.pybuilder/plugins/cpython-2.7.16.final.0/lib/python2.7/site-packages (from pypandoc~=1.4) (20.3.1)
Requirement already satisfied, skipping upgrade: requests-toolbelt!=0.9.0,>=0.8.0 in ./.pybuilder/plugins/cpython-2.7.16.final.0/lib/python2.7/site-packages (from twine>=1.15.0) (0.9.1)
Requirement already satisfied, skipping upgrade: requests!=2.15,!=2.16,>=2.5.0 in ./.pybuilder/plugins/cpython-2.7.16.final.0/lib/python2.7/site-packages (from twine>=1.15.0) (2.25.0)
Requirement already satisfied, skipping upgrade: pkginfo>=1.4.2 in ./.pybuilder/plugins/cpython-2.7.16.final.0/lib/python2.7/site-packages (from twine>=1.15.0) (1.6.1)
Requirement already satisfied, skipping upgrade: tqdm>=4.14 in ./.pybuilder/plugins/cpython-2.7.16.final.0/lib/python2.7/site-packages (from twine>=1.15.0) (4.54.1)
Requirement already satisfied, skipping upgrade: readme-renderer>=21.0 in ./.pybuilder/plugins/cpython-2.7.16.final.0/lib/python2.7/site-packages (from twine>=1.15.0) (28.0)
Requirement already satisfied, skipping upgrade: six>=1.4.0 in ./.pybuilder/plugins/cpython-2.7.16.final.0/lib/python2.7/site-packages (from unittest-xml-reporting~=2.5.2) (1.15.0)
Requirement already satisfied, skipping upgrade: zipp>=0.5 in ./.pybuilder/plugins/cpython-2.7.16.final.0/lib/python2.7/site-packages (from importlib-metadata; python_version < "3.8"->flake8~=3.7) (1.2.0)
Requirement already satisfied, skipping upgrade: pathlib2; python_version < "3" in ./.pybuilder/plugins/cpython-2.7.16.final.0/lib/python2.7/site-packages (from importlib-metadata; python_version < "3.8"->flake8~=3.7) (2.3.5)
Requirement already satisfied, skipping upgrade: contextlib2; python_version < "3" in ./.pybuilder/plugins/cpython-2.7.16.final.0/lib/python2.7/site-packages (from importlib-metadata; python_version < "3.8"->flake8~=3.7) (0.6.0.post1)
Requirement already satisfied, skipping upgrade: urllib3<1.27,>=1.21.1 in ./.pybuilder/plugins/cpython-2.7.16.final.0/lib/python2.7/site-packages (from requests!=2.15,!=2.16,>=2.5.0->twine>=1.15.0) (1.26.2)
Requirement already satisfied, skipping upgrade: idna<3,>=2.5 in ./.pybuilder/plugins/cpython-2.7.16.final.0/lib/python2.7/site-packages (from requests!=2.15,!=2.16,>=2.5.0->twine>=1.15.0) (2.10)
Requirement already satisfied, skipping upgrade: chardet<4,>=3.0.2 in ./.pybuilder/plugins/cpython-2.7.16.final.0/lib/python2.7/site-packages (from requests!=2.15,!=2.16,>=2.5.0->twine>=1.15.0) (3.0.4)
Requirement already satisfied, skipping upgrade: certifi>=2017.4.17 in ./.pybuilder/plugins/cpython-2.7.16.final.0/lib/python2.7/site-packages (from requests!=2.15,!=2.16,>=2.5.0->twine>=1.15.0) (2020.12.5)
Requirement already satisfied, skipping upgrade: Pygments>=2.5.1 in ./.pybuilder/plugins/cpython-2.7.16.final.0/lib/python2.7/site-packages (from readme-renderer>=21.0->twine>=1.15.0) (2.5.2)
Requirement already satisfied, skipping upgrade: docutils>=0.13.1 in ./.pybuilder/plugins/cpython-2.7.16.final.0/lib/python2.7/site-packages (from readme-renderer>=21.0->twine>=1.15.0) (0.16)
Requirement already satisfied, skipping upgrade: bleach>=2.1.0 in ./.pybuilder/plugins/cpython-2.7.16.final.0/lib/python2.7/site-packages (from readme-renderer>=21.0->twine>=1.15.0) (3.2.1)
Requirement already satisfied, skipping upgrade: scandir; python_version < "3.5" in ./.pybuilder/plugins/cpython-2.7.16.final.0/lib/python2.7/site-packages (from pathlib2; python_version < "3"->importlib-metadata; python_version < "3.8"->flake8~=3.7) (1.10.0)
Requirement already satisfied, skipping upgrade: packaging in ./.pybuilder/plugins/cpython-2.7.16.final.0/lib/python2.7/site-packages (from bleach>=2.1.0->readme-renderer>=21.0->twine>=1.15.0) (20.8)
Requirement already satisfied, skipping upgrade: webencodings in ./.pybuilder/plugins/cpython-2.7.16.final.0/lib/python2.7/site-packages (from bleach>=2.1.0->readme-renderer>=21.0->twine>=1.15.0) (0.5.1)
Requirement already satisfied, skipping upgrade: pyparsing>=2.0.2 in ./.pybuilder/plugins/cpython-2.7.16.final.0/lib/python2.7/site-packages (from packaging->bleach>=2.1.0->readme-renderer>=21.0->twine>=1.15.0) (2.4.7)
DEPRECATION: Python 2.7 reached the end of its life on January 1st, 2020. Please upgrade your Python as Python 2.7 is no longer maintained. pip 21.0 will drop support for Python 2.7 in January 2021. More details about Python 2 support in pip can be found at https://pip.pypa.io/en/latest/development/release-process/#python-2-support pip 21.0 will remove support for this functionality.
Requirement already up-to-date: billiard~=3.6.2 in ./.pybuilder/plugins/cpython-2.7.16.final.0/lib/python2.7/site-packages (3.6.3.0)
DEPRECATION: Python 2.7 reached the end of its life on January 1st, 2020. Please upgrade your Python as Python 2.7 is no longer maintained. pip 21.0 will drop support for Python 2.7 in January 2021. More details about Python 2 support in pip can be found at https://pip.pypa.io/en/latest/development/release-process/#python-2-support pip 21.0 will remove support for this functionality.
Requirement already up-to-date: coverage~=5.2 in ./.pybuilder/plugins/cpython-2.7.16.final.0/lib/python2.7/site-packages (5.3)
Requirement already up-to-date: flake8~=3.7 in ./.pybuilder/plugins/cpython-2.7.16.final.0/lib/python2.7/site-packages (3.8.4)
Requirement already up-to-date: pypandoc~=1.4 in ./.pybuilder/plugins/cpython-2.7.16.final.0/lib/python2.7/site-packages (1.5)
Requirement already up-to-date: setuptools>=38.6.0 in ./.pybuilder/plugins/cpython-2.7.16.final.0/lib/python2.7/site-packages (44.1.1)
Requirement already up-to-date: twine>=1.15.0 in ./.pybuilder/plugins/cpython-2.7.16.final.0/lib/python2.7/site-packages (1.15.0)
Requirement already up-to-date: unittest-xml-reporting~=2.5.2 in ./.pybuilder/plugins/cpython-2.7.16.final.0/lib/python2.7/site-packages (2.5.2)
Requirement already up-to-date: wheel>=0.34.0 in ./.pybuilder/plugins/cpython-2.7.16.final.0/lib/python2.7/site-packages (0.36.1)
Requirement already satisfied, skipping upgrade: pyflakes<2.3.0,>=2.2.0 in ./.pybuilder/plugins/cpython-2.7.16.final.0/lib/python2.7/site-packages (from flake8~=3.7) (2.2.0)
Requirement already satisfied, skipping upgrade: configparser; python_version < "3.2" in ./.pybuilder/plugins/cpython-2.7.16.final.0/lib/python2.7/site-packages (from flake8~=3.7) (4.0.2)
Requirement already satisfied, skipping upgrade: functools32; python_version < "3.2" in ./.pybuilder/plugins/cpython-2.7.16.final.0/lib/python2.7/site-packages (from flake8~=3.7) (3.2.3.post2)
Requirement already satisfied, skipping upgrade: mccabe<0.7.0,>=0.6.0 in ./.pybuilder/plugins/cpython-2.7.16.final.0/lib/python2.7/site-packages (from flake8~=3.7) (0.6.1)
Requirement already satisfied, skipping upgrade: typing; python_version < "3.5" in ./.pybuilder/plugins/cpython-2.7.16.final.0/lib/python2.7/site-packages (from flake8~=3.7) (3.7.4.3)
Requirement already satisfied, skipping upgrade: pycodestyle<2.7.0,>=2.6.0a1 in ./.pybuilder/plugins/cpython-2.7.16.final.0/lib/python2.7/site-packages (from flake8~=3.7) (2.6.0)
Requirement already satisfied, skipping upgrade: enum34; python_version < "3.4" in ./.pybuilder/plugins/cpython-2.7.16.final.0/lib/python2.7/site-packages (from flake8~=3.7) (1.1.10)
Requirement already satisfied, skipping upgrade: importlib-metadata; python_version < "3.8" in ./.pybuilder/plugins/cpython-2.7.16.final.0/lib/python2.7/site-packages (from flake8~=3.7) (2.1.1)
Requirement already satisfied, skipping upgrade: pip>=8.1.0 in ./.pybuilder/plugins/cpython-2.7.16.final.0/lib/python2.7/site-packages (from pypandoc~=1.4) (20.3.1)
Requirement already satisfied, skipping upgrade: requests-toolbelt!=0.9.0,>=0.8.0 in ./.pybuilder/plugins/cpython-2.7.16.final.0/lib/python2.7/site-packages (from twine>=1.15.0) (0.9.1)
Requirement already satisfied, skipping upgrade: requests!=2.15,!=2.16,>=2.5.0 in ./.pybuilder/plugins/cpython-2.7.16.final.0/lib/python2.7/site-packages (from twine>=1.15.0) (2.25.0)
Requirement already satisfied, skipping upgrade: pkginfo>=1.4.2 in ./.pybuilder/plugins/cpython-2.7.16.final.0/lib/python2.7/site-packages (from twine>=1.15.0) (1.6.1)
Requirement already satisfied, skipping upgrade: tqdm>=4.14 in ./.pybuilder/plugins/cpython-2.7.16.final.0/lib/python2.7/site-packages (from twine>=1.15.0) (4.54.1)
Requirement already satisfied, skipping upgrade: readme-renderer>=21.0 in ./.pybuilder/plugins/cpython-2.7.16.final.0/lib/python2.7/site-packages (from twine>=1.15.0) (28.0)
Requirement already satisfied, skipping upgrade: six>=1.4.0 in ./.pybuilder/plugins/cpython-2.7.16.final.0/lib/python2.7/site-packages (from unittest-xml-reporting~=2.5.2) (1.15.0)
Requirement already satisfied, skipping upgrade: zipp>=0.5 in ./.pybuilder/plugins/cpython-2.7.16.final.0/lib/python2.7/site-packages (from importlib-metadata; python_version < "3.8"->flake8~=3.7) (1.2.0)
Requirement already satisfied, skipping upgrade: pathlib2; python_version < "3" in ./.pybuilder/plugins/cpython-2.7.16.final.0/lib/python2.7/site-packages (from importlib-metadata; python_version < "3.8"->flake8~=3.7) (2.3.5)
Requirement already satisfied, skipping upgrade: contextlib2; python_version < "3" in ./.pybuilder/plugins/cpython-2.7.16.final.0/lib/python2.7/site-packages (from importlib-metadata; python_version < "3.8"->flake8~=3.7) (0.6.0.post1)
Requirement already satisfied, skipping upgrade: urllib3<1.27,>=1.21.1 in ./.pybuilder/plugins/cpython-2.7.16.final.0/lib/python2.7/site-packages (from requests!=2.15,!=2.16,>=2.5.0->twine>=1.15.0) (1.26.2)
Requirement already satisfied, skipping upgrade: idna<3,>=2.5 in ./.pybuilder/plugins/cpython-2.7.16.final.0/lib/python2.7/site-packages (from requests!=2.15,!=2.16,>=2.5.0->twine>=1.15.0) (2.10)
Requirement already satisfied, skipping upgrade: chardet<4,>=3.0.2 in ./.pybuilder/plugins/cpython-2.7.16.final.0/lib/python2.7/site-packages (from requests!=2.15,!=2.16,>=2.5.0->twine>=1.15.0) (3.0.4)
Requirement already satisfied, skipping upgrade: certifi>=2017.4.17 in ./.pybuilder/plugins/cpython-2.7.16.final.0/lib/python2.7/site-packages (from requests!=2.15,!=2.16,>=2.5.0->twine>=1.15.0) (2020.12.5)
Requirement already satisfied, skipping upgrade: Pygments>=2.5.1 in ./.pybuilder/plugins/cpython-2.7.16.final.0/lib/python2.7/site-packages (from readme-renderer>=21.0->twine>=1.15.0) (2.5.2)
Requirement already satisfied, skipping upgrade: docutils>=0.13.1 in ./.pybuilder/plugins/cpython-2.7.16.final.0/lib/python2.7/site-packages (from readme-renderer>=21.0->twine>=1.15.0) (0.16)
Requirement already satisfied, skipping upgrade: bleach>=2.1.0 in ./.pybuilder/plugins/cpython-2.7.16.final.0/lib/python2.7/site-packages (from readme-renderer>=21.0->twine>=1.15.0) (3.2.1)
Requirement already satisfied, skipping upgrade: scandir; python_version < "3.5" in ./.pybuilder/plugins/cpython-2.7.16.final.0/lib/python2.7/site-packages (from pathlib2; python_version < "3"->importlib-metadata; python_version < "3.8"->flake8~=3.7) (1.10.0)
Requirement already satisfied, skipping upgrade: packaging in ./.pybuilder/plugins/cpython-2.7.16.final.0/lib/python2.7/site-packages (from bleach>=2.1.0->readme-renderer>=21.0->twine>=1.15.0) (20.8)
Requirement already satisfied, skipping upgrade: webencodings in ./.pybuilder/plugins/cpython-2.7.16.final.0/lib/python2.7/site-packages (from bleach>=2.1.0->readme-renderer>=21.0->twine>=1.15.0) (0.5.1)
Requirement already satisfied, skipping upgrade: pyparsing>=2.0.2 in ./.pybuilder/plugins/cpython-2.7.16.final.0/lib/python2.7/site-packages (from packaging->bleach>=2.1.0->readme-renderer>=21.0->twine>=1.15.0) (2.4.7)
